<?xml version="1.0" encoding="UTF-8"?>
<testsuite xmlns:xsi="http://www.w3.org/2001/XMLSchema-instance" xsi:noNamespaceSchemaLocation="https://maven.apache.org/surefire/maven-surefire-plugin/xsd/surefire-test-report.xsd" name="org.quantcast.LogCookieReaderImplTest" time="0.009" tests="4" errors="0" skipped="0" failures="0">
  <properties>
[...]
</properties>
  <testcase name="readCookiesWithFileNotFoundExceptions" classname="org.quantcast.LogCookieReaderImplTest" time="0"/>
  <testcase name="readCookiesWithCorrectFileNameDate_UTCDateType" classname="org.quantcast.LogCookieReaderImplTest" time="0"/>
  <testcase name="readCookiesWithCorrectFileNameWrongDate_DateType" classname="org.quantcast.LogCookieReaderImplTest" time="0"/>
  <testcase name="readCookiesWithCorrectFileNameDate_DateType" classname="org.quantcast.LogCookieReaderImplTest" time="0"/>
</testsuite>